0 verbose cli /usr/local/share/nvm/versions/node/v20.19.5/bin/node /home/codespace/nvm/current/bin/npm
1 info using npm@10.8.2
2 info using node@v20.19.5
3 silly config load:file:/usr/local/share/nvm/versions/node/v20.19.5/lib/node_modules/npm/npmrc
4 silly config load:file:/workspaces/Yalla-london/yalla_london/app/.npmrc
5 silly config load:file:/usr/local/share/nvm/versions/node/v20.19.5/etc/npmrc
6 verbose title npm i tsx
7 verbose argv "i" "--save-dev" "tsx"
8 verbose logfile logs-max:10 dir:/workspaces/Yalla-london/yalla_london/app/.npm/_logs/2025-09-08T11_40_01_539Z-
9 verbose logfile /workspaces/Yalla-london/yalla_london/app/.npm/_logs/2025-09-08T11_40_01_539Z-debug-0.log
10 silly packumentCache heap:2197815296 maxSize:549453824 maxEntrySize:274726912
11 silly logfile start cleaning logs, removing 1 files
12 silly logfile done cleaning log files
13 silly idealTree buildDeps
14 silly fetch manifest tsx@4.20.3
15 silly packumentCache full:https://registry.npmjs.org/tsx cache-miss
16 http fetch GET 200 https://registry.npmjs.org/tsx 97ms (cache revalidated)
17 silly packumentCache full:https://registry.npmjs.org/tsx set size:285045 disposed:false
18 silly placeDep ROOT tsx@4.20.3 REPLACE for:  want: 4.20.3
19 silly fetch manifest fsevents@~2.3.3
20 silly packumentCache full:https://registry.npmjs.org/fsevents cache-miss
21 http fetch GET 200 https://registry.npmjs.org/fsevents 33ms (cache revalidated)
22 silly packumentCache full:https://registry.npmjs.org/fsevents set size:182472 disposed:false
23 silly fetch manifest @testing-library/dom@^10.0.0
24 silly packumentCache full:https://registry.npmjs.org/@testing-library%2fdom cache-miss
25 http fetch GET 200 https://registry.npmjs.org/@testing-library%2fdom 56ms (cache revalidated)
26 silly packumentCache full:https://registry.npmjs.org/@testing-library%2fdom set size:1097496 disposed:false
27 silly placeDep ROOT @testing-library/dom@10.4.1 OK for: @testing-library/react@16.3.0 want: ^10.0.0
28 silly fetch manifest @types/aria-query@^5.0.1
29 silly packumentCache full:https://registry.npmjs.org/@types%2faria-query cache-miss
30 http fetch GET 200 https://registry.npmjs.org/@types%2faria-query 40ms (cache revalidated)
31 silly packumentCache full:https://registry.npmjs.org/@types%2faria-query set size:21095 disposed:false
32 silly fetch manifest aria-query@5.3.0
33 silly packumentCache full:https://registry.npmjs.org/aria-query cache-miss
34 http fetch GET 200 https://registry.npmjs.org/aria-query 26ms (cache revalidated)
35 silly packumentCache full:https://registry.npmjs.org/aria-query set size:98864 disposed:false
36 silly fetch manifest dom-accessibility-api@^0.5.9
37 silly packumentCache full:https://registry.npmjs.org/dom-accessibility-api cache-miss
38 http fetch GET 200 https://registry.npmjs.org/dom-accessibility-api 24ms (cache revalidated)
39 silly packumentCache full:https://registry.npmjs.org/dom-accessibility-api set size:171028 disposed:false
40 silly fetch manifest lz-string@^1.5.0
41 silly packumentCache full:https://registry.npmjs.org/lz-string cache-miss
42 http fetch GET 200 https://registry.npmjs.org/lz-string 28ms (cache revalidated)
43 silly packumentCache full:https://registry.npmjs.org/lz-string set size:16381 disposed:false
44 silly fetch manifest pretty-format@^27.0.2
45 silly packumentCache full:https://registry.npmjs.org/pretty-format cache-miss
46 http fetch GET 200 https://registry.npmjs.org/pretty-format 49ms (cache revalidated)
47 silly packumentCache full:https://registry.npmjs.org/pretty-format set size:589639 disposed:false
48 silly placeDep ROOT @types/aria-query@5.0.4 OK for: @testing-library/dom@10.4.1 want: ^5.0.1
49 silly placeDep node_modules/@testing-library/dom aria-query@5.3.0 OK for: @testing-library/dom@10.4.1 want: 5.3.0
50 silly placeDep node_modules/@testing-library/dom dom-accessibility-api@0.5.16 OK for: @testing-library/dom@10.4.1 want: ^0.5.9
51 silly placeDep ROOT lz-string@1.5.0 OK for: @testing-library/dom@10.4.1 want: ^1.5.0
52 silly placeDep node_modules/@testing-library/dom pretty-format@27.5.1 OK for: @testing-library/dom@10.4.1 want: ^27.0.2
53 silly fetch manifest dequal@^2.0.3
54 silly packumentCache full:https://registry.npmjs.org/dequal cache-miss
55 http fetch GET 200 https://registry.npmjs.org/dequal 36ms (cache revalidated)
56 silly packumentCache full:https://registry.npmjs.org/dequal set size:24037 disposed:false
57 silly fetch manifest react-is@^17.0.1
58 silly packumentCache full:https://registry.npmjs.org/react-is cache-miss
59 http fetch GET 200 https://registry.npmjs.org/react-is 34ms (cache revalidated)
60 silly packumentCache full:https://registry.npmjs.org/react-is set size:4890495 disposed:false
61 silly fetch manifest ansi-styles@^5.0.0
62 silly packumentCache full:https://registry.npmjs.org/ansi-styles cache-miss
63 http fetch GET 200 https://registry.npmjs.org/ansi-styles 28ms (cache revalidated)
64 silly packumentCache full:https://registry.npmjs.org/ansi-styles set size:66356 disposed:false
65 silly fetch manifest @typescript-eslint/parser@^6.0.0 || ^6.0.0-alpha
66 silly packumentCache full:https://registry.npmjs.org/@typescript-eslint%2fparser cache-miss
67 http fetch GET 200 https://registry.npmjs.org/@typescript-eslint%2fparser 85ms (cache revalidated)
68 silly packumentCache full:https://registry.npmjs.org/@typescript-eslint%2fparser set size:14242854 disposed:false
69 silly fetch manifest eslint@^8.56.0
70 silly packumentCache full:https://registry.npmjs.org/eslint cache-miss
71 http fetch GET 200 https://registry.npmjs.org/eslint 87ms (cache revalidated)
72 silly packumentCache full:https://registry.npmjs.org/eslint set size:1838164 disposed:false
73 verbose stack Error: could not resolve
73 verbose stack     at PlaceDep.failPeerConflict (/usr/local/share/nvm/versions/node/v20.19.5/lib/node_modules/npm/node_modules/@npmcli/arborist/lib/place-dep.js:503:25)
73 verbose stack     at new PlaceDep (/usr/local/share/nvm/versions/node/v20.19.5/lib/node_modules/npm/node_modules/@npmcli/arborist/lib/place-dep.js:157:21)
73 verbose stack     at #buildDepStep (/usr/local/share/nvm/versions/node/v20.19.5/lib/node_modules/npm/node_modules/@npmcli/arborist/lib/arborist/build-ideal-tree.js:917:18)
73 verbose stack     at async Arborist.buildIdealTree (/usr/local/share/nvm/versions/node/v20.19.5/lib/node_modules/npm/node_modules/@npmcli/arborist/lib/arborist/build-ideal-tree.js:181:7)
73 verbose stack     at async Promise.all (index 1)
73 verbose stack     at async Arborist.reify (/usr/local/share/nvm/versions/node/v20.19.5/lib/node_modules/npm/node_modules/@npmcli/arborist/lib/arborist/reify.js:131:5)
73 verbose stack     at async Install.exec (/usr/local/share/nvm/versions/node/v20.19.5/lib/node_modules/npm/lib/commands/install.js:150:5)
73 verbose stack     at async Npm.exec (/usr/local/share/nvm/versions/node/v20.19.5/lib/node_modules/npm/lib/npm.js:207:9)
73 verbose stack     at async module.exports (/usr/local/share/nvm/versions/node/v20.19.5/lib/node_modules/npm/lib/cli/entry.js:74:5)
74 error code ERESOLVE
75 error ERESOLVE could not resolve
76 error
77 error While resolving: @typescript-eslint/eslint-plugin@7.0.0
77 error Found: @typescript-eslint/parser@7.0.0[2m[22m
77 error [2mnode_modules/@typescript-eslint/parser[22m
77 error   [34mdev[39m @typescript-eslint/parser@"7.0.0" from the root project
77 error
77 error Could not resolve dependency:
77 error [95mpeer[39m @typescript-eslint/parser@"^6.0.0 || ^6.0.0-alpha" from @typescript-eslint/eslint-plugin@7.0.0[2m[22m
77 error [2mnode_modules/@typescript-eslint/eslint-plugin[22m
77 error   [34mdev[39m @typescript-eslint/eslint-plugin@"7.0.0" from the root project
77 error
77 error Conflicting peer dependency: @typescript-eslint/parser@6.21.0[2m[22m
77 error [2mnode_modules/@typescript-eslint/parser[22m
77 error   [95mpeer[39m @typescript-eslint/parser@"^6.0.0 || ^6.0.0-alpha" from @typescript-eslint/eslint-plugin@7.0.0[2m[22m
77 error   [2mnode_modules/@typescript-eslint/eslint-plugin[22m
77 error     [34mdev[39m @typescript-eslint/eslint-plugin@"7.0.0" from the root project
77 error
77 error Fix the upstream dependency conflict, or retry
77 error this command with --force or --legacy-peer-deps
77 error to accept an incorrect (and potentially broken) dependency resolution.
78 error
78 error
78 error For a full report see:
78 error /workspaces/Yalla-london/yalla_london/app/.npm/_logs/2025-09-08T11_40_01_539Z-eresolve-report.txt
79 silly unfinished npm timer reify 1757331601780
80 silly unfinished npm timer reify:loadTrees 1757331601784
81 silly unfinished npm timer idealTree:buildDeps 1757331605040
82 silly unfinished npm timer idealTree:node_modules/@typescript-eslint/eslint-plugin 1757331605604
83 verbose cwd /workspaces/Yalla-london/yalla_london/app
84 verbose os Linux 6.8.0-1030-azure
85 verbose node v20.19.5
86 verbose npm  v10.8.2
87 verbose exit 1
88 verbose code 1
89 error A complete log of this run can be found in: /workspaces/Yalla-london/yalla_london/app/.npm/_logs/2025-09-08T11_40_01_539Z-debug-0.log
