0 verbose cli /home/codespace/.nvm/versions/node/v20.19.5/bin/node /home/codespace/.nvm/versions/node/v20.19.5/lib/node_modules/npm/bin/npm-cli.js
1 info using npm@10.8.2
2 info using node@v20.19.5
3 silly config load:file:/home/codespace/.nvm/versions/node/v20.19.5/lib/node_modules/npm/npmrc
4 silly config load:file:/workspaces/Yalla-london/yalla_london/.npmrc
5 silly config load:file:/workspaces/Yalla-london/yalla_london/.home/.npmrc
6 silly config load:file:/home/codespace/.nvm/versions/node/v20.19.5/etc/npmrc
7 verbose title npm exec prisma@6.15.0 generate --schema prisma/schema.prisma
8 verbose argv "exec" "--yes" "--" "prisma@6.15.0" "generate" "--schema" "prisma/schema.prisma"
9 verbose logfile logs-max:10 dir:/workspaces/Yalla-london/yalla_london/.npm-cache/_logs/2025-09-06T21_06_13_245Z-
10 verbose logfile /workspaces/Yalla-london/yalla_london/.npm-cache/_logs/2025-09-06T21_06_13_245Z-debug-0.log
11 silly logfile done cleaning log files
12 silly packumentCache heap:2197815296 maxSize:549453824 maxEntrySize:274726912
13 http fetch GET 200 https://registry.npmjs.org/npm 177ms
14 verbose cwd /workspaces/Yalla-london/yalla_london
15 verbose os Linux 6.8.0-1030-azure
16 verbose node v20.19.5
17 verbose npm  v10.8.2
18 notice
18 notice New [31mmajor[39m version of npm available! [31m10.8.2[39m -> [34m11.6.0[39m
18 notice Changelog: [34mhttps://github.com/npm/cli/releases/tag/v11.6.0[39m
18 notice To update run: [4mnpm install -g npm@11.6.0[24m
18 notice  { force: true, [Symbol(proc-log.meta)]: true }
19 verbose exit 0
20 info ok
